[    0.000000Initializing cgroup subsys cpet
[    0.000000] Initializing cgroup subsys cpu
[    0.000000] Initializing cgroup subsys cpuacct
[    0.000000] Linux version 4.4.0-135-generic (buildd@lcy01-amd64-020) (gcc version 5.4.0 20160609 (Ubuntu 5.4.0-6ubuntu1~16.04.10) ) #161-Ubuntu SMP Mon Aug 27 10:45:01 UTC 2018 (Ubuntu 4.4.0-135.161-generic 4.4.140)
[    0.000000] Command line: BOOT_IMAGE=/boot/vmlinuz-4.4.0-135-generic root=LABEL=cloudimg-rootfs ro console=tty1 console=ttyS0
[    0.000000] KERNEL supported cpus:
[    0.000000]   Intel GenuineIntel
[    0.000000]   AMD AuthenticAMD
[    0.000000]   Centaur CentaurHauls
[    0.000000] x86/fpu: xstate_offset[2]:  576, xstate_sizes[2]:  256
[    0.000000] x86/fpu: Supporting XSAVE feature 0x01: 'x87 floating point registers'
[    0.000000] x86/fpu: Supporting XSAVE feature 0x02: 'SSE registers'
[    0.000000] x86/fpu: Supporting XSAVE feature 0x04: 'AVX registers'
[    0.000000] x86/fpu: Enabled xstate features 0x7, context size is 832 bytes, using 'standard' format.
[    0.000000] e820: BIOS-provided physical RAM map:
[    0.000000] BIOS-e820: [mem 0x0000000000000000-0x000000000009fbff] usable
[    0.000000] BIOS-e820: [mem 0x000000000009fc00-0x000000000009ffff] reserved
[    0.000000] BIOS-e820: [mem 0x000000000000000-0x00000000000fffff] reserved
[    0.000000] BIOS-e820: [mem 0x0000000000100000-0x000000003ffeffff] usable
[    0.000000] BIOS-e820: [mem 0x000000003fff0000-0x000000003fffffff] ACPI data
[    0.000000] BIOS-e820: [me 0000000fec00000-0x00000000fec00fff] reserved
[    0.000000] BIOS-e820: [mem 0x00000000fee00000-0x00000000fee00fff] reserved
[    0.000000] BIOS-e820: [mem 0x00000000fffc0000-0x00000000ffffffff] reserved
[    0.000000] NX (Execute Disable) protection: active
[    0.000000] SMBIOS 2.5 present.
[    0.000000] Hypervisor detected: KVM
[    0.000000] e820: last_pfn = 0x3fff0 max_arch_pfn = 0x400000000
[    0.000000] MTRR: Disabled
[    0.000000] x86/PAT: MTRRs disabled, skipping PAT initialization too.
[    0.000000] CPU MTRRs all blank - virtualized system.
[  0000000] x86/PAT: Configuration [0-7]: WB  WT  UC- UC  WB  WT  UC- UC  
[    0.000000] found SMP MP-table at [mem 0x0009fff0-0x0009ffff] mapped at [ffff88000009fff0]
[    0.000000] Scanning 1 areas for low memory corruption
[    0.000000] RAMDISK: [mem 0x36308000-0x3717bfff]
[    0.000000] ACPI: Early table checksum verification disabled
[    0.000000] ACPI: RSDP 0x00000000000E0000 000024 (v02 VBOX  )
[    0.000000] ACPI: XSDT 0x000000003FF0030 0003Cv01 OX  VBOXXSDT 00000001 ASL  00000061)
[    0.000000] ACPI: FACP 0x000000003FFF00F0 0000F4 (v04 VBOX   VBOXFACP 00000001 ASL  00000061)
[    0.000000] ACPI: DSDT 0x000000003FFF0470 0021FF (v02 VBOX   VBOXBIOS 00000002 INTL 20180105)
[    0.000000] ACPI: FACS 0x000000003FFF0200 000040
[    0.000000] ACPI: FACS 0x000000003FFF0200 000040
[    0.000000] ACPI: APIC 0x000000003FFF0240 00005C (v02 VBOX   VBOXAPIC 00000001 ASL  00000061)
[    0.000000] ACPI: SSDT 0x000000003FFF02A0 0001CC (v01 VBOX   VBOXCPUT 00000002 INTL 20180105)
[    0.000000] No NUMA configuration found
[    0.000000] Faking a node at [mem 0x0000000000000000-0x000000003ffeffff]
[    0.000000] NODE_DATA(0) allocated [mem 0x3ffeb000-0x3ffeffff]
[    0.000000] kvm-clock: Using msrs 4b564d01 and 4b564d00
[    0.000000] kvm-clock: cpu 0, msr 0:3ffe3001, primary cpu clock
[    0.000000] kvm-clock: using sched offset of 3546098246 cycles
[    0.000000] clocksource: kvm-clock: mask: 0xffffffffffffffff max_cycles: 0x1cd42e4dffb, max_idle_ns: 881590591483 ns
[    0.000000] Zone ranges:
[    0.000000]   DMA      [mem 0x0000000000001000-0x0000000000ffffff]
[    0.000000]   DMA32    [mem 0x0000000001000000-0x000000003ffeffff]
[    0.000000]   Normal   empty
[    0.000000]   Device   empty
[    0.000000] Movable zone start for each node
[    0.000000] Early memory node ranges
[    0.000000]   node   0: [mem 0x0000000000001000-0x000000000009efff]
[    0.000000]   node   0: [mem 0x0000000000100000-0x000000003ffeffff]
[    0.000000] Initmem setup node 0 [mem 0x0000000000001000-0x000000003ffeffff]
[    0.000000] ACPI: PM-Timer IO Port: 0x4008
[    0.000000] IOAPIC[0]: apic_id 2, version 32, address 0xfec00000, GSI 0-23
[    0.000000] ACPI: INT_SRC_OVR (bus 0 bus_irq 0 global_irq 2 dfl dfl)
[    0.000000] ACPI: INT_SRC_OVR (bus 0 bus_irq 9 global_irq 9 low level)
[    0.000000] Using ACPI (MADT) for SMP configuration information
[    0.000000] smpboot: Allowing 2 CPUs, 0 hotplug CPUs
[    0.000000] PM: Registered nosave memory: [mem 0x00000000-0x00000fff]
[    0.000000] PM: Registered nosave memory: [mem 0x0009f000-0x0009ffff]
[    0.000000] PM: Registered nosave memory: [mem 0x000a0000-0x000effff]
[    0.000000] PM: Registered nosave memory: [mem 0x000f0000-0x000fffff]
[    0.000000] e820: [mem 0x40000000-0xfebfffff] available for PCI devices
[    0.000000] Booting paravirtualized kernel on KVM
[    0.000000] clocksource: refined-jiffies: mask: 0xffffffff max_cycles: 0xffffffff, max_idle_ns: 7645519600211568 ns
[    0.000000] setup_percpu: NR_CPUS:512 nr_cpumask_bits:512 nr_cpu_ids:2 nr_node_ids:1
[    0.000000] PERCPU: Embedded 34 pages/cpu @ffff88003fc00000 s99544 r8192 d31528 u1048576
[    0.000000] PV qspinlock hash table entries: 256 (order: 0, 4096 bytes)
[    0.000000] Built 1 zonelists in Node order, mobility grouping on.  Total pages: 257912
[    0.000000] Policy zone: DMA32
[    0.000000] Kernel command line: BOOT_IMAGE=/boot/vmlinuz-4.4.0-135-generic root=LABEL=cloudimg-rootfs ro console=tty1 console=ttyS0
[    0.000000] PID hash table entries: 4096 (order: 3, 32768 bytes)
[    0.000000] Memory: 997716K/1048120K available (8554K kernel code, 1314K rwdata, 4004K rodata, 1516K init, 1316K bss, 50404K reserved, 0K cma-reserved)
[    0.000000] SLUB: HWalign=64, Order=0-3, MinObjects=0, CPUs=2, Nodes=1
[    0.000000] Kernel/User page tables isolation: enabled
[    0.000000] Hierarchical RCU implementation.
[    0.000000] 	Build-time adjustment of leaf fanout to 64.
[    0.000000] 	RCU restricting CPUs from NR_CPUS=512 to nr_cpu_ids=2.
[    0.000000] RCU: Adjusting geometry for rcu_fanout_leaf=64, nr_cpu_ids=2
[    0.000000] NR_IRQS:33024 nr_irqs:440 16
[    0.000000] Console: colour VGA+ 80x25
[    0.000000] console [tty1] enabled
[    0.000000] console [ttyS0] enabled
[    0.000000] tsc: Detected 2594.104 MHz processor
[    1.090972] Calibrating delay loop (skipped) preset value.. 5188.20 BogoMIPS (lpj=10376416)
[    1.095178] pid_max: default: 32768 minimum: 301
[    1.097529] ACPI: Core revision 20150930
[    1.101201] ACPI: 2 ACPI AML tables successfully acquired and loaded
[    1.104417] Security Framework initialized
[    1.106596] Yama: becoming mindful.
[    1.108478] AppArmor: AppArmor initialized
[    1.110878] Dentry cache hash table entries: 131072 (order: 8, 1048576 bytes)
[    1.117226] Inode-cache hash table entries: 65536 (order: 7, 524288 bytes)
[    1.127737] Mount-cache hash table entries: 2048 (order: 2, 16384 bytes)
[    1.130855] Mountpoint-cache hash table entries: 2048 (order: 2, 16384 bytes)
[    1.134516] Initializing cgroup subsys io
[    1.136527] Initializing cgroup subsys memory
[    1.138726] Initializing cgroup subsys devices
[    1.140894] Initializing cgroup subsys freezer
[    1.142997] Initializing cgroup subsys net_cls
[    1.145122] Initializing cgroup subsys perf_event
[    1.147279] Initializing cgroup subsys net_prio
[    1.149459] Initializing cgroup subsys hugetlb
[    1.151698] Initializing cgroup subsys pids
[    1.154335] mce: CPU supports 0 MCE banks
[    1.156464] Last level iTLB entries: 4KB 512, 2MB 8, 4MB 8
[    1.163219] Last level dTLB entries: 4KB 512, 2MB 32, 4MB 32, 1GB 0
[    1.166175] Spectre V2 : Mitigation: Full generic retpoline
[    1.169042] Spectre V2 : Speculation control IBPB not-supported IBRS not-supported
[    1.172358] Speculative Store Bypass: Vulnerable
[    1.178420] Freeing SMP alternatives memory: 32K
[    1.192015] ftrace: allocating 32266 entries in 127 pages
[    1.270018] smpboot: APIC(0) Converting physical 0 to logical package 0
[    1.297344] smpboot: Max logical packages: 1
[    1.310468] x2apic enabled
[    1.312266] Switched APIC routing to physical x2apic.
[    1.316552] ..TIMER: vector=0x30 apic1=0 pin1=2 apic2=-1 pin2=-1
[    1.427973] smpboot: CPU0: Intel(R) Core(TM) i5-3230M CPU @ 2.60GHz (family: 0x6, model: 0x3a, stepping: 0x9)
[    1.479785] Performance Events: unsupported p6 CPU model 58 no PMU driver, software events only.
[    1.496651] KVM setup paravirtual spinlock
[    1.510779] x86: Booting SMP configuration:
[    1.516781] .... node  #0, CPUs:      #1
[    1.541285] kvm-clock: cpu 1, msr 0:3ffe3041, secondary cpu clock
[    1.542687] mce: CPU supports 0 MCE banks
[    1.545584] x86: Booted up 1 node, 2 CPUs
[    1.568269] smpboot: Total of 2 processors activated (10376.41 BogoMIPS)
[    1.577783] devtmpfs: initialized
[    1.623083] evm: security.selinux
[    1.629265] evm: security.SMACK64
[    1.632089] evm: security.SMACK64EXEC
[    1.649172] evm: security.SMACK64TRANSMUTE
[    1.673188] evm: security.SMACK64MMAP
[    1.716633] evm: security.ima
[    1.756594] evm: security.capability
[    1.768629] clocksource: jiffies: mask: 0xffffffff max_cycles: 0xffffffff, max_idle_ns: 7645041785100000 ns
[    1.778115] futex hash table entries: 512 (order: 3, 32768 bytes)
[    1.801767] pinctrl core: initialized pinctrl subsystem
[    1.804581] RTC time: 20:52:01, date: 10/30/18
[    1.823716] NET: Registered protocol family 16
[    1.843890] cpuidle: using governor ladder
[    1.872162] cpuidle: using governor menu
[    1.882615] PCCT header not found.
[    1.884647] ACPI: bus type PCI registered
[    1.888352] acpiphp: ACPI Hot Plug PCI Controller Driver version: 0.5
[    1.892660] PCI: Using configuration type 1 for base access
[    1.909862] ACPI: Added _OSI(Module Device)
[    1.921166] ACPI: Added _OSI(Processor Device)
[    1.932971] ACPI: Added _OSI(3.0 _SCP Extensions)
[    1.940740] ACPI: Added _OSI(Processor Aggregator Device)
[    1.943052] ACPI: Executed 1 blocks of module-level executable AML code
[    1.956161] ACPI: Interpreter enabled
[    1.976184] ACPI: (supports S0 S5)
[    1.977710] ACPI: Using IOAPIC for interrupt routing
[    1.985552] PCI: Using host bridge windows from ACPI; if necessary, use "pci=nocrs" and report a bug
[    1.992693] ACPI: PCI Root Bridge [PCI0] (domain 0000 [bus 00-ff])
[    2.004477] acpi PNP0A03:00: _OSC: OS supports [ASPM ClockPM Segments MSI]
[    2.054149] acpi PNP0A03:00: _OSC: not requesting OS control; OS requires [ExtendedConfig ASPM ClockPM MSI]
[    2.056409] acpi PNP0A03:00: fail to add MMCONFIG information, can't access extended PCI configuration space under this bridge.
[    2.083421] PCI host bridge to bus 0000:00
[    2.089763] pci_bus 0000:00: root bus resource [io  0x0000-0x0cf7 window]
[    2.096043] pci_bus 0000:00: root bus resource [io  0x0d00-0xffff window]
[    2.099789] pci_bus 0000:00: root bus resource [mem 0x000a0000-0x000bffff window]
[    2.113733] pci_bus 0000:00: root bus resource [mem 0x40000000-0xfdffffff window]
[    2.129802] pci_bus 0000:00: root bus resource [bus 00-ff]
[    2.143850] pci 0000:00:01.1: legacy IDE quirk: reg 0x10: [io  0x01f0-0x01f7]
[    2.156171] pci 0000:00:01.1: legacy IDE quirk: reg 0x14: [io  0x03f6]
[    2.169162] pci 0000:00:01.1: legacy IDE quirk: reg 0x18: [io  0x0170-0x0177]
[    2.199929] pci 0000:00:01.1: legacy IDE quirk: reg 0x1c: [io  0x0376]
[    2.250408] pci 0000:00:07.0: quirk: [io  0x4000-0x403f] claimed by PIIX4 ACPI
[    2.296020] pci 0000:00:07.0: quirk: [io  0x4100-0x410f] claimed by PIIX4 SMB
[    2.314595] ACPI: PCI Interrupt Link [LNKA] (IRQs 5 9 10 *11)
[    2.335907] ACPI: PCI Interrupt Link [LNKB] (IRQs 5 9 *10 11)
[    2.344164] ACPI: PCI Interrupt Link [LNKC] (IRQs 5 *9 10 11)
[    2.346026] ACPI: PCI Interrupt Link [LNKD] (IRQs 5 9 10 *11)
[    2.355367] ACPI: Enabled 2 GPEs in block 00 to 07
[    2.357121] vgaarb: setting as boot device: PCI:0000:00:02.0
[    2.368496] vgaarb: device added: PCI:0000:00:02.0,decodes=io+mem,owns=io+mem,locks=none
[    2.383928] vgaarb: loaded
[    2.392946] vgaarb: bridge control possible 0000:00:02.0
[    2.413413] SCSI subsystem initialized
[    2.415981] ACPI: bus type USB registered
[    2.432657] usbcore: registered new interface driver usbfs
[    2.436193] usbcore: registered new interface driver hub
[    2.456005] usbcore: registered new device driver usb
[    2.462208] PCI: Using ACPI for IRQ routing
[    2.464665] NetLabel: Initializing
[    2.472872] NetLabel:  domain hash size = 128
[    2.473947] NetLabel:  protocols = UNLABELED CIPSOv4
[    2.475200] NetLabel:  unlabeled traffic allowed by default
[    2.479838] amd_nb: Cannot enumerate AMD northbridges
[    2.494369] clocksource: Switched to clocksource kvm-clock
[   2.63] pAorAprmr ilsyteEnle
[   0773pn: P CPI init
[  3368282] pnp: PnP ACPI: found 3 devices
[    3.476231] clocksource: acpi_pm: mask: 0xffffff max_cycles: 0xffffff, max_idle_ns: 2085701024 ns
[    3.619580] NET: Registered protocol family 2
[    3.640452] TCP established hash table entries: 8192 (order: 4, 65536 bytes)
[    3.789825] TCP bind hash table entries: 8192 (order: 5, 131072 bytes)
[    3.910551] TCP: Hash tables configured (established 8192 bind 8192)
[    3.912345] UDP hash table entries: 512 (order: 2, 16384 bytes)
[    3.914004] UDP-Lite hash table entries: 512 (order: 2, 16384 bytes)
[    3.915885] NET: Registered protocol family 1
[    3.917237] pci 0000:00:00.0: Limiting direct PCI/PCI transfers
[    3.919984] pci 0000:00:01.0: Activating ISA DMA hang workarounds
[    3.960622] Unpacking initramfs...
[    4.226184] Freeing initrd memory: 14800K
[    4.232636] RAPL PMU detected, API unit is 2^-32 Joules, 3 fixed counters 10737418240 ms ovfl timer
[    4.256488] hw unit of domain pp0-core 2^-0 Joules
[    4.262951] hw unit of domain package 2^-0 Joules
[    4.279094] hw unit of domain pp1-gpu 2^-0 Joules
[    4.295946] platform rtc_cmos: registered platform RTC device (no PNP device found)
[    4.336764] Scanning for low memory corruption every 60 seconds
[    4.344051] audit: initializing netlink subsys (disabled)
[    4.349736] audit: type=2000 audit(1540932727.229:1): initialized
[    4.372549] Initialise system trusted keyring
[    4.409938] HugeTLB registered 2 MB page size, pre-allocated 0 pages
[    4.584947] zbud: loaded
[    4.591433] VFS: Disk quotas dquot_6.6.0
[    4.598004] VFS: Dquot-cache hash table entries: 512 (order 0, 4096 bytes)
[    4.607649] squashfs: version 4.0 (2009/01/31) Phillip Lougher
[    4.614655] fuse init (API version 7.23)
[  4300]eyyp b_k risre
[  5244]Allocating IMA MOK and blacklist keyrings.
[  59931] tsc: Refined TSC clocksource calibration: 2593.511 MHz
[    5.544030] clocksource: tsc: mask: 0xffffffffffffffff max_cycles: 0x25624a3bcdb, max_idle_ns: 440795229716 ns
[    5.544585] Key type asymmetric registered
[    5.544596] Asymmetric key parser 'x509' registered
[    5.544672] Block layer SCSI generic (bsg) driver version 0.4 loaded (major 249)
[    5.544725] io scheduler noop registered
[    5.544728] io scheduler deadline registered (default)
[    5.544785] io scheduler cfq registered
[    5.544946] pci_hotplug: PCI Hot Plug PCI Core version: 0.5
[    5.544956] pciehp: PCI Express Hot Plug Controller Driver version: 0.4
[    5.545156] ACPI: AC Adapter [AC] (off-line)
[    5.545238] input: Power Button as /devices/LNXSYSTM:00/LNXPWRBN:00/input/input0
[    5.545241] ACPI: Power Button [PWRF]
[    5.545347] input: Sleep Button as /devices/LNXSYSTM:00/LNXSLPBN:00/input/input1
[    5.545349] ACPI: Sleep Button [SLPF]
[    5.545559] GHES: HEST is not enabled!
[    5.545691] Serial: 8250/16550 driver, 32 ports, IRQ sharing enabled
[    5.572364] 00:02: ttyS0 at I/O 0x3f8 (irq = 4, base_baud = 115200) is a 16550A
[    5.591395] Linux agpgart interface v0.103
[    5.611582] ACPI: Battery Slot [BAT0] (battery present)
[    5.613123] loop: module loaded
[    5.613672] scsi host0: ata_piix
[    5.613734] scsi host1: ata_piix
[    5.613767] ata1: PATA max UDMA/33 cmd 0x1f0 ctl 0x3f6 bmdma 0xd000 irq 14
[    5.613768] ata2: PATA max UDMA/33 cmd 0x170 ctl 0x376 bmdma 0xd008 irq 15
[    5.613846] libphy: Fixed MDIO Bus: probed
[    5.613848] tun: Universal TUN/TAP device driver, 1.6
[    5.613849] tun: (C) 1999-2004 Max Krasnyansky <maxk@qualcomm.com>
[    5.614157] PPP generic driver version 2.4.2
[    5.614214] ehci_hcd: USB 2.0 'Enhanced' Host Controller (EHCI) Driver
[    5.614218] ehci-pci: EHCI PCI platform driver
[    5.614236] ehci-platform: EHCI generic platform driver
[    5.614244] ohci_hcd: USB 1.1 'Open' Host Controller (OHCI) Driver
[    5.614248] ohci-pci: OHCI PCI platform driver
[    5.614256] ohci-platform: OHCI generic platform driver
[    5.614265] uhci_hcd: USB Universal Host Controller Interface driver
[    5.614322] i8042: PNP: PS/2 Controller [PNP0303:PS2K,PNP0f03:PS2M] at 0x60,0x64 irq 1,12
[    5.648962] serio: i8042 KBD port at 0x60,0x64 irq 1
[    5.648971] serio: i8042 AUX port at 0x60,0x64 irq 12
[    5.649134] mousedev: PS/2 mouse device common for all mice
[    5.649545] rtc_cmos rtc_cmos: rtc core: registered rtc_cmos as rtc0
[    5.649606] rtc_cmos rtc_cmos: alarms up to one day, 114 bytes nvram
[    5.649614] i2c /dev entries driver
[    5.649677] device-mapper: uevent: version 1.0.3
[    5.649738] device-mapper: ioctl: 4.34.0-ioctl (2015-10-28) initialised: dm-devel@redhat.com
[    5.649759] ledtrig-cpu: registered to indicate activity on CPUs
[    5.650072] NET: Registered protocol family 10
[    5.650238] NET: Registered protocol family 17
[    5.650248] Key type dns_resolver registered
[    5.650624] registered taskstats version 1
[    5.650637] Loading compiled-in X.509 certificates
[    5.651381] Loaded X.509 cert 'Build time autogenerated kernel key: b7189ebc996fd79c52efc1226b6676b25e4f6a2d'
[    5.651407] zswap: loaded using pool lzo/zbud
[    5.653127] Key type trusted registered
[    5.655893] Key type encrypted registered
[    5.655900] AppArmor: AppArmor sha1 policy hashing enabled
[    5.655902] ima: No TPM chip found, activating TPM-bypass!
[    5.655907] ima: Allocated hash algorithm: sha1
[    5.655921] evm: HMAC attrs: 0x1
[    5.656274]   Magic number: 6:741:903
[    5.656302] acpi PNP0501:03: hash matches
[    5.663225] rtc_cmos rtc_cmos: setting system clock to 2018-10-30 20:52:05 UTC (1540932725)
[    5.663406] BIOS EDD facility v0.16 2004-Jun-25, 0 devices found
[    5.663406] EDD information not available.
[    5.733906] input: AT Translated Set 2 keyboard as /devices/platform/i8042/serio0/input/input2
[    6.266040] Freeing unused kernel memory: 1516K
[    6.406609] Write protecting the kernel read-only data: 14336k
[    6.431427] Freeing unused kernel memory: 1672K
[    6.619943] Freeing unused kernel memory: 92K
Loading, please wait...
starting version[    6.661068] random: systemd-udevd: uninitialized urandom read (16 bytes read, 3 bits of entropy available)
 229
[    6.662358] random: udevadm: uninitialized urandom read (16 bytes read, 3 bits of entropy available)
[    6.662382] random: udevadm: uninitialized urandom read (16 bytes read, 3 bits of entropy available)
[    6.674041] random: udevadm: uninitialized urandom read (16 bytes read, 3 bits of entropy available)
[    6.674091] random: udevadm: uninitialized urandom read (16 bytes read, 3 bits of entropy available)
[    6.674253] random: udevadm: uninitialized urandom read (16 bytes read, 3 bits of entropy available)
[    6.674315] random: udevadm: uninitialized urandom read (16 bytes read, 3 bits of entropy available)
[    6.674374] random: udevadm: uninitialized urandom read (16 bytes read, 3 bits of entropy available)
[    6.674479] random: udevadm: uninitialized urandom read (16 bytes read, 3 bits of entropy available)
[    6.674575] random: udevadm: uninitialized urandom read (16 bytes read, 3 bits of entropy available)
[    8.061334] e1000: Intel(R) PRO/1000 Network Driver - version 7.3.21-k8-NAPI
[    8.105172] e1000: Copyright (c) 1999-2006 Intel Corporation.
[    8.159748] Fusion MPT base driver 3.04.20
[    8.199272] Copyright (c) 1999-2008 LSI Corporation
[    8.330050] Fusion MPT SPI Host driver 3.04.20
[    8.594131] input: ImExPS/2 Generic Explorer Mouse as /devices/platform/i8042/serio1/input/input4
[    8.720631] e1000 0000:00:03.0 eth0: (PCI:33MHz:32-bit) 02:09:ed:a5:b0:a8
[    8.765047] e1000 0000:00:03.0 eth0: Intel(R) PRO/1000 Network Connection
[    8.841657] mptbase: ioc0: Initiating bringup
[    8.842957] e1000 0000:00:03.0 enp0s3: renamed from eth0
[    8.999695] ioc0: LSI53C1030 A0: Capabilities={Initiator}
[    9.772946] scsi host2: ioc0: LSI53C1030 A0, FwRev=00000000h, Ports=1, MaxQ=256, IRQ=20
[   10.117306] scsi 2:0:0:0: Direct-Access     VBOX     HARDDISK         1.0  PQ: 0 ANSI: 5
[   10.133293] scsi target2:0:0: Beginning Domain Validation
[   10.138069] scsi target2:0:0: Domain Validation skipping write tests
[   10.140764] scsi target2:0:0: Ending Domain Validation
[   10.143144] scsi target2:0:0: asynchronous
[   10.146029] scsi 2:0:1:0: Direct-Access     VBOX     HARDDISK         1.0  PQ: 0 ANSI: 5
[   10.149660] scsi target2:0:1: Beginning Domain Validation
[   10.174656] scsi target2:0:1: Domain Validation skipping write tests
[   10.197575] scsi target2:0:1: Ending Domain Validation
[   10.201268] scsi target2:0:1: asynchronous
[   10.226986] sd 2:0:0:0: Attached scsi generic sg0 type 0
[   10.272627] sd 2:0:0:0: [sda] 20971520 512-byte logical blocks: (10.7 GB/10.0 GiB)
[   10.272897] sd 2:0:0:0: [sda] Write Protect is off
[   10.273086] sd 2:0:0:0: [sda] Incomplete mode parameter data
[   10.273088] sd 2:0:0:0: [sda] Assuming drive cache: write through
[   10.304513]  sda: sda1
[   10.305706] sd 2:0:0:0: [sda] Attached SCSI disk
[   10.593906] sd 2:0:1:0: Attached scsi generic sg1 type 0
[   10.594001] sd 2:0:1:0: [sdb] 20480 512-byte logical blocks: (10.5 MB/10.0 MiB)
[   10.594202] sd 2:0:1:0: [sdb] Write Protect is off
[   10.594342] sd 2:0:1:0: [sdb] Incomplete mode parameter data
[   10.594344] sd 2:0:1:0: [sdb] Assuming drive cache: write through
[   10.628192] sd 2:0:1:0: [sdb] Attached SCSI disk
Begin: Loading essential drivers ... [   12.091132] md: linear personality registered for level -1
[   12.097042] md: multipath personality registered for level -4
[   12.113691] md: raid0 personality registered for level 0
[   12.130294] md: raid1 personality registered for level 1
[   12.266398] raid6: sse2x1   gen()  7640 MB/s
[   12.358395] raid6: sse2x1   xor()  6645 MB/s
[   12.554401] raid6: sse2x2   gen() 10513 MB/s
[   12.634397] raid6: sse2x2   xor()  7418 MB/s
[   12.714406] raid6: sse2x4   gen() 12069 MB/s
[   12.810401] raid6: sse2x4   xor()  9063 MB/s
[   12.823568] raid6: using algorithm sse2x4 gen() 12069 MB/s
[   12.839644] raid6: .... xor() 9063 MB/s, rmw enabled
[   12.841075] raid6: using ssse3x2 recovery algorithm
[   12.848478] xor: automatically using best checksumming function:
[   13.050691]    avx       : 38552.000 MB/sec
[   13.082265] async_tx: api initialized (async)
[   13.100258] md: raid6 personality registered for level 6
[   13.148726] md: raid5 personality registered for level 5
[   13.156892] md: raid4 personality registered for level 4
[   13.165994] md: raid10 personality registered for level 10
done.
Begin: Running /scripts/init-premount ... done[   13.219862] Btrfs loaded
.
Begin: Mounting root file system ... Begin: Running /scripts/local-top ... done.
Begin: Running /scripts/local-premount ... Scanning for Btrfs filesystems
done.
Warning: fsck not present, so skipping root file system
[   13.312987] EXT4-fs (sda1): mounted filesystem with ordered data mode. Opts: (null)
done.
Begin: Running /scripts/local-bottom ... done.
Begin: Running /scripts/init-bottom ... done.
[   14.116366] systemd[1]: systemd 229 running in system mode. (+PAM +AUDIT +SELINUX +IMA +APPARMOR +SMACK +SYSVINIT +UTMP +LIBCRYPTSETUP +GCRYPT +GNUTLS +ACL +XZ -LZ4 +SECCOMP +BLKID +ELFUTILS +KMOD -IDN)
[   14.145084] systemd[1]: Detected virtualization oracle.
[   14.147456] systemd[1]: Detected architecture x86-64.

Welcome to [1mUbuntu 16.04.5 LTS[0m!

[   14.222105] systemd[1]: Set hostname to <ubuntu>.
[ 1464078] ysmd[1]: Initializing machine ID from random generator.
[   14.446869] systemd[1]: Installed transient /etc/machine-id file.
[   14.759113] random: nonblocking pool is initialized
[   15.399996] systemd[1]: Started Trigger resolvconf update for networkd DNS.
[[0;32m  OK  [0m] Started Trigger resolvconf update for networkd DNS.
[   15.426734] systemd[1]: Listening on LVM2 poll daemon socket.
[[0;32m  OK  [0m] Listening on LVM2 poll daemon socket.
[   15.482889] systemd[1]: Listening on udev Kernel Socket.
[[0;32m  OK  [0m] Listening on udev Kernel Socket.
[   15.583523] systemd[1]: Reached target User and Group Name Lookups.
[[0;32m  OK  [0m] Reached target User and Group Name Lookups.
[   15.668340] systemd[1]: Listening on Journal Socket (/dev/log).
[[0;32m  OK  [0m] Listening on Journal Socket (/dev/log).
[   15.702716] systemd[1]: Started Forward Password Requests to Wall Directory Watch.
[[0;32m  OK  [0m] Started Forward Password Requests to Wall Directory Watch.
[   15.955715] systemd[1]: Reached target Swap.
[[0;32m  OK  [0m] Reached target Swap.
[   15.987183] systemd[1]: Created slice System Slice.
[[0;32m  OK  [0m] Created slice System Slice.
[   16.482767] systemd[1]: Created slice system-serial\x2dgetty.slice.
[[0;32m  OK  [0m] Created slice system-serial\x2dgetty.slice.
[   16.510102] systemd[1]: Listening on LVM2 metadata daemon socket.
[[0;32m  OK  [0m] Listening on LVM2 metadata daemon socket.
[   16.723423] systemd[1]: Reached target System Time Synchronized.
[[0;32m  OK  [0m] Reached target System Time Synchronized.
[   16.729335] systemd[1]: Listening on /dev/initctl Compatibility Named Pipe.
[[0;32m  OK  [0m] Listening on /dev/initctl Compatibility Named Pipe.
[   16.756848] systemd[1]: Set up automount Arbitrary Executable File Formats File System Automount Point.
[[0;32m  OK  [0m] Set up automount Arbitrary Executab...ats File System Automount Point.
[   17.246962] systemd[1]: Listening on udev Control Socket.
[[0;32m  OK  [0m] Listening on udev Control Socket.
[   17.626739] systemd[1]: Listening on Device-mapper event daemon FIFOs.
[[0;32m  OK  [0m] Listening on Device-mapper event daemon FIFOs.
[   17.662833] systemd[1]: Listening on Journal Socket.
[[0;32m  OK  [0m] Listening on Journal Socket.
[   17.814996] systemd[1]: Starting Create list of required static device nodes for the current kernel...
         Starting Create list of required st... nodes for the current kernel...
[   18.006601] systemd[1]: Mounting POSIX Message Queue File System...
         Mounting POSIX Message Queue File System...
[   18.143524] systemd[1]: Starting Remount Root and Kernel File Systems...
[   18.157643] EXT4-fs (sda1): re-mounted. Opts: (null)
         Starting Remount Root and Kernel File Systems...
[   18.283916] systemd[1]: Mounting Debug File System...
         Mounting Debug File System...
[   18.311701] systemd[1]: Starting Uncomplicated firewall...
         Starting Uncomplicated firewall...
[   18.355105] systemd[1]: Starting Monitoring of LVM2 mirrors, snapshots etc. using dmeventd or progress polling...
         Starting Monitoring of LVM2 mirrors... dmeventd or progress polling...
[   18.614729] systemd[1]: Starting Nameserver information manager...
         Starting Nameserver information manager...
[   18.678976] systemd[1]: Mounting Huge Pages File System...
         Mounting Huge Pages File System...
[   18.764071] systemd[1]: Starting Set console keymap...
         Starting Set console keymap...
[   18.879660] systemd[1]: Starting Load Kernel Modules...
         Starting Load Kernel Modules...
[   18.927191] systemd[1]: Created slice User and Session Slice.
[[0;32m  OK  [[   18.956082] Loading iSCSI transport class v2.0-870.
0m] Created slic[   19.097943] iscsi: registered transport (tcp)
e User and Session Slice.
[   19.286648] systemd[1]: Reached target Slices.
[[0;32m  OK  [0m] Reached target Slices.
[   19.477806] iscsi: registered transport (iser)
[   19.539584] systemd[1]: Listening on Syslog Socket.
[[0;32m  OK  [0m] Listening on Syslog Socket.
[   19.658926] systemd[1]: Listening on Journal Audit Socket.
[[0;32m  OK  [0m] Listening on Journal Audit Socket.
[   19.694920] systemd[1]: Starting Journal Service...
         Starting Journal Service...
[   19.730560] systemd[1]: Reached target Encrypted Volumes.
[[0;32m  OK  [0m] Reached target Encrypted Volumes.
[   19.788330] systemd[1]: Mounted POSIX Message Queue File System.
[[0;32m  OK  [0m] Mounted POSIX Message Queue File System.
[   19.806783] systemd[1]: Mounted Debug File System.
[[0;32m  OK  [0m] Mounted Debug File System.
[   19.896311] systemd[1]: Mounted Huge Pages File System.
[[0;32m  OK  [0m] Mounted Huge Pages File System.
[   19.910907] systemd[1]: Started Journal Service.
[[0;32m  OK  [0m] Started Journal Service.
[[0;32m  OK  [0m] Started Create list of required sta...ce nodes for the current kernel.
[[0;32m  OK  [0m] Started Remount Root and Kernel File Systems.
[[0;32m  OK  [0m] Started Uncomplicated firewall.
[[0;32m  OK  [0m] Started Set console keymap.
[[0;32m  OK  [0m] Started Load Kernel Modules.
[[0;32m  OK  [0m] Started Nameserver information manager.
[[0;32m  OK  [0m] Started LVM2 metadata daemon.
         Mounting FUSE Control File System...
         Starting Apply Kernel Variables...
         Starting udev Coldplug all Devices...
         Starting Load/Save Random Seed...
         Starting Create Static Device Nodes in /dev...
         Starting Flush Journal to Persistent Storage...
[[0;32m  OK  [0m] Mounted FUSE Control File System.
[[0;32m  OK  [0m] Started Apply Kernel Variables.
[[0;32m  OK  [0m] Started Load/Save Random Seed.
[[0;32m  OK  [0m] Started udev Coldplug all Devices.
[[0;32m  OK  [0m] Started Monitoring of LVM2 mirrors,...ng dmeventd or progress polling.
[[0;32m  OK  [0m] Started Flush Journal to Persistent Storage.
[[0;32m  OK  [0m] Started Create Static Device Nodes in /dev.
         Starting udev Kernel Device Manager...
[[0;32m  OK  [0m] Started udev Kernel Device Manager.
[[0;32m  OK  [0m] Started Dispatch Password Requests to Console Directory Watch.
[[0;32m  OK  [0m] Reached target Local File Systems (Pre).
[[0;32m  OK  [0m] Reached target Local File Systems.
         Starting Create Volatile Files and Directories...
         Starting LSB: AppArmor initialization...
         Starting Commit a transient machine-id on disk...
         Starting Set console font and keymap...
         Starting Initial cloud-init job (pre-networking)...
         Starting Tell Plymouth To Write Out Runtime Data...
[[0;32m  OK  [0m] Started Create Volatile Files and Directories.
[[0;32m  OK  [0m] Started Commit a transient machine-id on disk.
[[0;32m  OK  [0m] Started Tell Plymouth To Write Out Runtime Data.
[[0;32m  OK  [0m] Found device /dev/ttyS0.
[[0;32m  OK  [0m] Listening on Load/Save RF Kill Switch Status /dev/rfkill Watch.
         Starting Update UTMP about System Boot/Shutdown...
[[0;32m  OK  [0m] Started Update UTMP about System Boot/Shutdown.
[[0;32m  OK  [0m] Started Set console font and keymap.
[[0;32m  OK  [0m] Created slice system-getty.slice.
[[0;32m  OK  [0m] Started LSB: AppArmor initialization.
[   24.564329] cloud-init[464]: Cloud-init v. 18.3-9-g2e62cb8a-0ubuntu1~16.04.2 running 'init-local' at Tue, 30 Oct 2018 20:52:25 +0000. Up 23.91 seconds.
[[0;32m  OK  [0m] Started Initial cloud-init job (pre-networking).
[[0;32m  OK  [0m] Reached target Network (Pre).
         Starting Raise network interfaces...
[[0;32m  OK  [0m] Started Raise network interfaces.
         Starting Initial cloud-init job (metadata service crawler)...
[[0;32m  OK  [0m] Reached target Network.
[   27.326406] cloud-init[903]: Cloud-init v. 18.3-9-g2e62cb8a-0ubuntu1~16.04.2 running 'init' at Tue, 30 Oct 2018 20:52:27 +0000. Up 25.47 seconds.
[   27.428893] [cloud-init[0;32m  OK  [0m[903]: ] ci-info: +++++++++++++++++++++++++++++++++++++Net device info++++++++++++++++++++++++++++++++++++++Started Initial cloud-init job (metadata service crawler).

[   27.429647] cloud-init[903]: ci-info: +--------+------+---------------------------+---------------+--------+-------------------+
[   27.780552] [cloud-init[0;32m  OK  [0m[903]: ] ci-info: | Device |  Up  |          Address          |      Mask     | Scope  |     Hw-Address    |Reached target Network is Online.

[   27.781068] cloud-init[903]: ci-info: +--------+------+---------------------------+---------------+--------+-------------------+
[   27.900575]          Starting iSCSI initiator daemon (iscsid)...
cloud-init[[903]: [0;32m  OK  [0mci-info: | enp0s3 | True |         10.0.2.15         | 255.255.255.0 | global | 02:09:ed:a5:b0:a8 |] 
Reached target System Initialization.
[[0;32m  OK  [0m] Listening on D-Bus System Message Bus Socket.
[   27.902013] cloud-init[903]: ci-info: | enp0s3 | True | fe80::9:edff:fea5:b0a8/64 |       .       |  link  | 02:09:ed:a5:b0:a8 |
[   28.092414] [cloud-init[0;32m  OK  [0m[903]: ] ci-info: |   lo   | True |         127.0.0.1         |   255.0.0.0   |  host  |         .         |Started Daily apt download activities.

[   28.120463] [cloud-init[0;32m  OK  [0m[903]: ] ci-info: |   lo   | True |          ::1/128          |       .       |  host  |         .         |Started Daily apt upgrade and clean activities.

[   28.120992]          cloud-initStarting Socket activation for snappy daemon.[903]: 
ci-info: +--------+------+---------------------------+---------------+--------+-------------------+
[   28.210840] [cloud-init[0;32m  OK  [0m[903]: ] ci-info: +++++++++++++++++++++++++++Route IPv4 info++++++++++++++++++++++++++++Listening on UUID daemon activation socket.

[   28.257397] cloud-init[903]: ci-info: +-------+-------------+----------+---------------+-----------+-------+
[   28.279694] cloud-init[903]: ci-info: | Route | Destination | Gateway  |    Genmask    | Interface | Flags |
[[0;32m  OK  [0m] Started ACPI Events Check.
[   28.280397] [cloud-init[0;32m  OK  [0m[903]: ] ci-info: +-------+-------------+----------+---------------+-----------+-------+Reached target Paths.

[   28.315619] cloud-init[903]: ci-info: |   0   |   0.0.0.0   | 10.0.2.2 |    0.0.0.0    |   enp0s3  |   UG  |
[   28.392768] cloud-init[903]: ci-info: |   1   |   10.0.2.0  | 0.0.0.0  | 255.255.255.0 |   enp0s3  |   U   |
[   28.443616] cloud-init[903]: ci-info: +-------+-------------+----------+---------------+-----------+-------+
[   28.472457] cloud-init[903]: ci-info: +++++++++++++++++++Route IPv6 info+++++++++++++++++++
[   28.484463] cloud-init[903]: ci-info: +-------+-------------+---------+-----------+-------+
[   28.516407] cloud-init[903]: ci-info: | Route | Destination | Gateway | Interface | Flags |
         Starting LXD - unix socket.
[[0;32m  OK  [0m] Started Daily Cleanup of Temporary Directories.
[[0;32m  OK  [0m] Reached target Timers.
[[0;32m  OK  [0m] Listening on ACPID Listen Socket.
[[0;32m  OK  [0m] Reached target Cloud-config availability.
[   28.539759] cloud-init[903]: ci-info: +-------+-------------+---------+-----------+-------+
[[0;32m  OK  [0m] Listening on Socket activation for snappy daemon.
[[0;32m  OK  [0m] Listening on LXD - unix socket.
[[0;32m  OK  [0m] Started iSCSI initiator daemon (iscsid).
[   28.603346] cloud-init[903]: ci-info: |   0   |  fe80::/64  |    ::   |   enp0s3  |   U   |
[   28.700565]          cloud-initStarting Login to default iSCSI targets...[903]: 
ci-info: |   3   |   ff00::/8  |    ::   |   enp0s3  |   U   |
[   28.777208] [cloud-init[0;32m  OK  [0m[903]: ] ci-info: +-------+-------------+---------+-----------+-------+Reached target Sockets.

[[0;32m  OK  [0m] Reached target Basic System.
[   28.778249] cloud-init[903]: Generating public/private rsa key pair.
[   28.845477] [cloud-init[0;32m  OK  [0m[903]: ] Your identification has been saved in /etc/ssh/ssh_host_rsa_key.Started Regular background program processing daemon.

[   28.869357]          cloud-initStarting LSB: MD monitoring daemon...[903]: 
Your public key has been saved in /etc/ssh/ssh_host_rsa_key.pub.
[   28.869974] cloud-init[903]: The key fingerprint is:
[   28.925944]          cloud-initStarting LSB: Record successful boot for GRUB...[903]: 
SHA256:DaLu6Cjcz28S7+OZdXOr+KHxHFF+FDjepHl6A34sAEI root@ubuntu-xenial
[[0;32m  OK  [0m] Started Unattended Upgrades Shutdown.
[   28.926516] cloud-init[903]: The key's randomart image is:
[   29.112705] [cloud-init[0;32m  OK  [0m[903]: ] +---[RSA 2048]----+Started Deferred execution scheduler.

[   29.113653] cloud-init[903]: |      .E      .. |
[   29.152441]          cloud-initStarting /etc/rc.local Compatibility...[903]: 
|       . .   o ..|
[   29.200407]          cloud-initStarting Accounts Service...[903]: 
|      . o . ..*. |
[   29.214742] cloud-init[903]: |     . . o .o=.o |
[   29.233226] [cloud-init[0;32m  OK  [0m[903]: ] |    .   S ..o.=. |Started ACPI event daemon.

[   29.242007] [cloud-init[0;32m  OK  [0m[903]: ] |   . .      .+.= |Started FUSE filesystem for LXC.

         Starting System Logging Service...
[   29.250198] cloud-init[903]: |. . . o  o = .+ .|
[   29.254247] cloud-init[903]: |.o +.. ++ B = .  |
[   29.254304] cloud-init[903]: |o.o oo**.o.=..   |
[   29.254378] cloud-init[903]: +----[SHA256]-----+
[   29.254441] cloud-init[903]: Generating public/private dsa key pair.
[   29.254498] cloud-init[903]: Your identification has been saved in /etc/ssh/ssh_host_dsa_key.
[   29.254548] cloud-init[903]: Your public key has been saved in /etc/ssh/ssh_host_dsa_key.pub.
[   29.254598] cloud-init[903]: The key fingerprint is:
[   29.254646] cloud-init[903]: SHA256:MlKWaVTBpy0VnWPZhbW6drrkIOeRMIogVvPP06OMYZ8 root@ubuntu-xenial
[   29.254695] cloud-init[903]: The key's randomart image is:
[   29.254744] cloud-init[903]: +---[DSA 1024]----+
[   29.254817] cloud-init[903]: |      .oo..o + +o|
[   29.254873] cloud-init[903]: |     . o. o * o .|
[   29.254937] cloud-init[903]: |   o  *  = . . . |
[   29.254989] cloud-init[903]: |  . o+  o .   .  |
[   29.255038] cloud-init[903]: | o ...o S+   .   |
[   29.255085] cloud-init[903]: |. . ..+oo o . .  |
[   29.255140] cloud-init[903]: |     + = + = + . |
[   29.255188] cloud-init[903]: |    . = + = * o  |
[   29.255236] cloud-init[903]: |     . E   . +.  |
[   29.255287] cloud-init[903]: +----[SHA256]-----+
[   29.255334] cloud-init[903]: Generating public/private ecdsa key pair.
[   29.255384] cloud-init[903]: Your identification has been saved in /etc/ssh/ssh_host_ecdsa_key.
[   29.255436] cloud-init[903]: Your public key has been saved in /etc/ssh/ssh_host_ecdsa_key.pub.
[   29.255485] cloud-init[903]: The key fingerprint is:
[   29.255533] cloud-init[903]: SHA256:T6Kht4Nh6YjbryVbPRY92IPPwIqnACJeqGjvKAqidTs root@ubuntu-xenial
[   29.255582] cloud-init[903]: The key's randomart image is:
[   29.255631] cloud-init[903]: +---[ECDSA 256]---+
[   29.255681] cloud-init[903]: |                 |
[   29.255729] cloud-init[903]: |                 |
[   29.255777] cloud-init[903]: |                 |
[   29.255825] cloud-init[903]: |  .  . =         |
[   29.255873] cloud-init[903]: |+. . .B S .      |
[   29.255922] cloud-init[903]: |B ..++ B *       |
[   29.255970] cloud-init[903]: |*+++Bo* o .      |
         Starting Login Service...
[   29.256023] cloud-init[903]: |B++OE+.o         |
         Starting Pollinate to seed the pseudo random number generator...
[   29.828930] cloud-init[903]: |*o*=o...         |
[   29.892352] cloud-init[903]: +----[SHA256]-----+
         Starting LXD - container startup/shutdown...
[   29.915349] cloud-init[903]: Generating public/private ed25519 key pair.
[[0;32m  OK  [0m] Started D-Bus System Message Bus.
[   29.967546] cloud-init[903]: Your identification has been saved in /etc/ssh/ssh_host_ed25519_key.
[   30.054505] cloud-init[903]: Your public key has been saved in /etc/ssh/ssh_host_ed25519_key.pub.
[   30.119841] cloud-init[903]: The key fingerprint is:
[   30.122452] cloud-init[903]: SHA256:J7zxFftQNHbATC8bDMXLTVxzjT7o7zxU6pBG4QN9xaI root@ubuntu-xenial
[   30.127485] cloud-init[903]: The key's randomart image is:
[   30.144487] cloud-init[903]: +--[ED25519 256]--+
[   30.156493] cloud-init[903]: |           ..*BBB|
[   30.203948] cloud-init[903]: |          . o=B+B|
[   30.232881] cloud-init[903]: |           o.B==.|
[   30.252737] cloud-init[903]: |       .    E+=+o|
[   30.264541] cloud-init[903]: |        S .o+o.+ |
[   30.274369] cloud-init[903]: |         * .=oo  |
[   30.276772] cloud-init[903]: |        . .. =.  |
[   30.308158] cloud-init[903]: |             .+  |
         Starting Virtualbox guest utils...
[   30.362012] cloud-init[903]: |             .o. |
[   30.396537] cloud-init[903]: +----[SHA256]-----+
         Starting Snappy daemon...
[[0;32m  OK  [0m] Started System Logging Service.
[[0;32m  OK  [0m] Started /etc/rc.local Compatibility.
[[0;32m  OK  [0m] Started Login Service.
         Starting Authenticate and Authorize Users to Run Privileged Tasks...
[[0;32m  OK  [0m] Started Login to default iSCSI targets.
[[0;32m  OK  [0m] Reached target Remote File Systems (Pre).
[[0;32m  OK  [0m] Reached target Remote File Systems.
         Starting Permit User Sessions...
         Starting LSB: daemon to balance interrupts for SMP systems...
         Starting LSB: automatic crash report generation...
         Starting LSB: Set the CPU Frequency Scaling governor to "ondemand"...
[[0;32m  OK  [0m] Started LSB: MD monitoring daemon.
[[0;32m  OK  [0m] Started LSB: Record successful boot for GRUB.
[[0;32m  OK  [0m] Started Permit User Sessions.
         Starting Hold until boot process finishes up...
         Starting Terminate Plymouth Boot Screen...
[[0;32m  OK  [0m] Started LSB: automatic crash report generation.
[[0;32m  OK  [0m] Started LSB: Set the CPU Frequency Scaling governor to "ondemand".
[[0;32m  OK  [0m] Started Hold until boot process finishes up.
[[0;32m  OK  [0m] Started Terminate Plymouth Boot Screen.
[[0;32m  OK  [0m] Started Authenticate and Authorize Users to Run Privileged Tasks.
[[0;32m  OK  [0m] Started LSB: daemon to balance interrupts for SMP systems.
[[0;32m  OK  [0m] Started Virtualbox guest utils.
[[0;32m  OK  [0m] Started Accounts Service.
[[0;32m  OK  [0m] Started Getty on tty1.
         Starting Set console scheme...
[[0;32m  OK  [0m] Started Serial Getty on ttyS0.
[[0;32m  OK  [0m] Reached target Login Prompts.
[[0;32m  OK  [0m] Started Pollinate to seed the pseudo random number generator.
[[0;32m  OK  [0m] Started Set console scheme.
         Starting OpenBSD Secure Shell server...
[[0;32m  OK  [0m] Started OpenBSD Secure Shell server.
[[0;32m  OK  [0m] Started LXD - container startup/shutdown.
[[0;32m  OK  [0m] Created slice User Slice of vagrant.
         Starting User Manager for UID 1000...
[[0;32m  OK  [0m] Started Session 1 of user vagrant.
[[0;32m  OK  [0m] Started User Manager for UID 1000.
[[0;32m  OK  [0m] Started Snappy daemon.
         Starting Wait until snapd is fully seeded...

Ubuntu 16.04.5 LTS ubuntu-xenial ttyS0

ubuntu-xenial login: [   49.623902] cloud-init[1690]: Generating locales (this might take a while)...
[   50.752790] cloud-init[1690]:   en_US.UTF-8... done
[   50.755582] cloud-init[1690]: Generation complete.
[   54.544054] cloud-init[1690]: Cloud-init v. 18.3-9-g2e62cb8a-0ubuntu1~16.04.2 running 'modules:config' at Tue, 30 Oct 2018 20:52:51 +0000. Up 49.28 seconds.
ci-info: no authorized ssh keys fingerprints found for user ubuntu.
<14>Oct 30 20:52:56 ec2: 
<14>Oct 30 20:52:56 ec2: #############################################################
<14>Oct 30 20:52:56 ec2: -----BEGIN SSH HOST KEY FINGERPRINTS-----
<14>Oct 30 20:52:56 ec2: 1024 SHA256:MlKWaVTBpy0VnWPZhbW6drrkIOeRMIogVvPP06OMYZ8 root@ubuntu-xenial (DSA)
<14>Oct 30 20:52:56 ec2: 256 SHA256:T6Kht4Nh6YjbryVbPRY92IPPwIqnACJeqGjvKAqidTs root@ubuntu-xenial (ECDSA)
<14>Oct 30 20:52:56 ec2: 256 SHA256:J7zxFftQNHbATC8bDMXLTVxzjT7o7zxU6pBG4QN9xaI root@ubuntu-xenial (ED25519)
<14>Oct 30 20:52:56 ec2: 2048 SHA256:DaLu6Cjcz28S7+OZdXOr+KHxHFF+FDjepHl6A34sAEI root@ubuntu-xenial (RSA)
<14>Oct 30 20:52:56 ec2: -----END SSH HOST KEY FINGERPRINTS-----
<14>Oct 30 20:52:56 ec2: #############################################################
-----BEGIN SSH HOST KEY KEYS-----
ecdsa-sha2-nistp256 AAAAE2VjZHNhLXNoYTItbmlzdHAyNTYAAAAIbmlzdHAyNTYAAABBBMRCBAmZ/3MlROUe/DY11Q1P8UTJcMyEzzWDycNs/06Gym7hLr+bZ7NZ8mGQBfrchvIou5J7BpDCcf4wSgaShR8= root@ubuntu-xenial
ssh-ed25519 AAAAC3NzaC1lZDI1NTE5AAAAINyRCgaYqnrilfHSuKXv89d8cy6o3FZ0h8fMs8EkC/71 root@ubuntu-xenial
ssh-rsa AAAAB3NzaC1yc2EAAAADAQABAAABAQDFUD+QvO91gM1aBjvTCU0b6O47+HRJ/Bnoi+hN6uPPN71I/4FQLY/NI5x5RCsJIoNPYmPrsqiUtiduPHAP+LaVwaSfryUgehqigCLrZybvCV1g6QBgQLHwoXG5iDqJ8YfbR2DNGEMvB2SsqA1y/GjSrE9/yzZLGtPvtqxPrfDy0bXbmic1Gevt0zTES/LzDXTsxsNX4lT4dWWnJxxaXb+4V44F93yVJlJXnWHi/5MkJ2+DHJHnfAwJW49Mjb8qFnfNY6Y3IH0bIVCcHo1j2TLQjsjpyGHY1SEprtxC4U8d/f88HVUtgsKMrXZzg2SMax89jlrGXSTD0+nND3BG3z7/ root@ubuntu-xenial
-----END SSH HOST KEY KEYS-----
[   555200806] cloud-init[1753]: Cloud-init v. 18.3-9-g2e62cb8a-0ubuntu1~16.04.2 running 'modules:final' at Tue, 30 Oct 2018 20:52:56 +0000. Up 54.92 seconds.
[   55.201056] cloud-init[1753]: ci-info: no authorized ssh keys fingerprints found for user ubuntu.
[   55.201202] cloud-init[1753]: Cloud-init v. 18.3-9-g2e62cb8a-0ubuntu1~16.04.2 finished at Tue, 30 Oct 2018 20:52:57 +0000. Datasource DataSourceNoCloud [seed=/dev/sdb][dsmode=net].  Up 55.18 seconds
